[2017-5-14 22:30:6] Server Start
[2017-5-14 22:30:6] Server Iocp Start
[2017-5-14 22:30:6] IP : 127.0.0.1
[2017-5-14 22:30:6] PORT : 1820
[2017-5-14 22:30:6] MAX_USER : 100
[2017-5-14 22:30:6] VERSION : 1.0.0.1
[2017-5-14 22:30:27] Session Connect : [2545453744080]
[2017-5-14 22:30:27] Read Msg Session:[2545453744080], Protocol:[16777218]
[2017-5-14 22:30:27] Client Check Version Succeed
[2017-5-14 22:30:28] Read Msg Session:[2545453744080], Protocol:[16777220]
[2017-5-14 22:30:28] Regist User Succeed
[2017-5-14 22:30:36] KEEP ALIVE SESSION CHECK
[2017-5-14 22:30:40] Session Connect : [2545453727408]
[2017-5-14 22:30:41] Read Msg Session:[2545453727408], Protocol:[16777218]
[2017-5-14 22:30:41] Client Check Version Succeed
[2017-5-14 22:30:41] Read Msg Session:[2545453727408], Protocol:[16777220]
[2017-5-14 22:30:41] Regist User Succeed
[2017-5-14 22:30:45] Read Msg Session:[2545453727408], Protocol:[16777226]
[2017-5-14 22:30:52] Read Msg Session:[2545453744080], Protocol:[16777226]
[2017-5-14 22:31:6] KEEP ALIVE SESSION CHECK
[2017-5-14 22:31:36] KEEP ALIVE SESSION CHECK
[2017-5-14 22:32:6] KEEP ALIVE SESSION CHECK
[2017-5-14 22:32:36] KEEP ALIVE SESSION CHECK
[2017-5-14 22:33:6] KEEP ALIVE SESSION CHECK
[2017-5-14 22:33:10] Session DisConnect User UnRegist : User_ID:[1]
[2017-5-14 22:33:10] Session DisConnect : [2545453744080]
